<?xml version="1.0" encoding="UTF-8"?>
<!-- Generated by org.testng.reporters.JUnitReportReporter -->
<testsuite hostname="Santhiya" failures="0" tests="1" name="Santhiya.ExtentReports.ExtentReportDemo" time="3.026" errors="0" timestamp="2025-05-19T22:32:38 IST" skipped="0">
  <testcase classname="Santhiya.ExtentReports.ExtentReportDemo" name="initialDemo" time="3.026"/>
</testsuite> <!-- Santhiya.ExtentReports.ExtentReportDemo -->
